2024/03/16 12:25:15 [notice] 1#1: using the "epoll" event method
2024/03/16 12:25:15 [notice] 1#1: nginx/1.23.1
2024/03/16 12:25:15 [notice] 1#1: built by gcc 10.2.1 20210110 (Debian 10.2.1-6) 
2024/03/16 12:25:15 [notice] 1#1: OS: Linux 5.15.0-100-generic
2024/03/16 12:25:15 [notice] 1#1: getrlimit(RLIMIT_NOFILE): 1048576:1048576
2024/03/16 12:25:15 [notice] 1#1: start worker processes
2024/03/16 12:25:15 [notice] 1#1: start worker process 34062
2024/03/16 12:25:15 [notice] 1#1: start worker process 34063
2024/03/16 12:25:15 [notice] 1#1: start worker process 34064
2024/03/16 12:25:15 [notice] 1#1: start worker process 34065
2024/03/16 12:25:15 [notice] 1#1: start worker process 34066
2024/03/16 12:25:15 [notice] 1#1: start worker process 34067
2024/03/16 12:25:15 [notice] 1#1: start worker process 34068
2024/03/16 12:25:15 [notice] 1#1: start worker process 34069
2024/03/16 12:26:12 [notice] 1#1: signal 3 (SIGQUIT) received, shutting down
2024/03/16 12:26:12 [notice] 34062#34062: gracefully shutting down
2024/03/16 12:26:12 [notice] 34063#34063: gracefully shutting down
2024/03/16 12:26:12 [notice] 34064#34064: gracefully shutting down
2024/03/16 12:26:12 [notice] 34065#34065: gracefully shutting down
2024/03/16 12:26:12 [notice] 34066#34066: gracefully shutting down
2024/03/16 12:26:12 [notice] 34067#34067: gracefully shutting down
2024/03/16 12:26:12 [notice] 34062#34062: exiting
2024/03/16 12:26:12 [notice] 34068#34068: gracefully shutting down
2024/03/16 12:26:12 [notice] 34064#34064: exiting
2024/03/16 12:26:12 [notice] 34066#34066: exiting
2024/03/16 12:26:12 [notice] 34067#34067: exiting
2024/03/16 12:26:12 [notice] 34068#34068: exiting
2024/03/16 12:26:12 [notice] 34065#34065: exiting
2024/03/16 12:26:12 [notice] 34068#34068: exit
2024/03/16 12:26:12 [notice] 34062#34062: exit
2024/03/16 12:26:12 [notice] 34067#34067: exit
2024/03/16 12:26:12 [notice] 34065#34065: exit
2024/03/16 12:26:12 [notice] 34066#34066: exit
2024/03/16 12:26:12 [notice] 34064#34064: exit
2024/03/16 12:26:12 [notice] 34069#34069: gracefully shutting down
2024/03/16 12:26:12 [notice] 34069#34069: exiting
2024/03/16 12:26:12 [notice] 34069#34069: exit
2024/03/16 12:26:12 [notice] 1#1: signal 17 (SIGCHLD) received from 34069
2024/03/16 12:26:12 [notice] 1#1: worker process 34069 exited with code 0
2024/03/16 12:26:12 [notice] 1#1: signal 29 (SIGIO) received
2024/03/16 12:26:12 [notice] 1#1: signal 17 (SIGCHLD) received from 34065
2024/03/16 12:26:12 [notice] 1#1: worker process 34062 exited with code 0
2024/03/16 12:26:12 [notice] 1#1: worker process 34065 exited with code 0
2024/03/16 12:26:12 [notice] 1#1: worker process 34066 exited with code 0
2024/03/16 12:26:12 [notice] 1#1: worker process 34067 exited with code 0
2024/03/16 12:26:12 [notice] 1#1: worker process 34068 exited with code 0
2024/03/16 12:26:12 [notice] 1#1: signal 29 (SIGIO) received
2024/03/16 12:26:12 [notice] 1#1: signal 17 (SIGCHLD) received from 34068
2024/03/16 12:26:12 [notice] 1#1: signal 17 (SIGCHLD) received from 34064
2024/03/16 12:26:12 [notice] 1#1: worker process 34064 exited with code 0
2024/03/16 12:26:12 [notice] 1#1: signal 29 (SIGIO) received
2024/03/16 12:30:25 [notice] 1#1: using the "epoll" event method
2024/03/16 12:30:25 [notice] 1#1: nginx/1.23.1
2024/03/16 12:30:25 [notice] 1#1: built by gcc 10.2.1 20210110 (Debian 10.2.1-6) 
2024/03/16 12:30:25 [notice] 1#1: OS: Linux 5.15.0-100-generic
2024/03/16 12:30:25 [notice] 1#1: getrlimit(RLIMIT_NOFILE): 1048576:1048576
2024/03/16 12:30:25 [notice] 1#1: start worker processes
2024/03/16 12:30:25 [notice] 1#1: start worker process 28587
2024/03/16 12:30:25 [notice] 1#1: start worker process 28588
2024/03/16 12:30:25 [notice] 1#1: start worker process 28589
2024/03/16 12:30:25 [notice] 1#1: start worker process 28590
2024/03/16 12:30:25 [notice] 1#1: start worker process 28591
2024/03/16 12:30:25 [notice] 1#1: start worker process 28592
2024/03/16 12:30:25 [notice] 1#1: start worker process 28593
2024/03/16 12:30:25 [notice] 1#1: start worker process 28594
2024/03/16 12:33:52 [notice] 1#1: signal 3 (SIGQUIT) received, shutting down
2024/03/16 12:33:52 [notice] 28588#28588: gracefully shutting down
2024/03/16 12:33:52 [notice] 28589#28589: gracefully shutting down
2024/03/16 12:33:52 [notice] 28590#28590: gracefully shutting down
2024/03/16 12:33:52 [notice] 28591#28591: gracefully shutting down
2024/03/16 12:33:52 [notice] 28588#28588: exiting
2024/03/16 12:33:52 [notice] 28593#28593: gracefully shutting down
2024/03/16 12:33:52 [notice] 28589#28589: exiting
2024/03/16 12:33:52 [notice] 28590#28590: exiting
2024/03/16 12:33:52 [notice] 28591#28591: exiting
2024/03/16 12:33:52 [notice] 28587#28587: gracefully shutting down
2024/03/16 12:33:52 [notice] 28587#28587: exiting
2024/03/16 12:33:52 [notice] 28591#28591: exit
2024/03/16 12:33:52 [notice] 28588#28588: exit
2024/03/16 12:33:52 [notice] 28589#28589: exit
2024/03/16 12:33:52 [notice] 28590#28590: exit
2024/03/16 12:33:52 [notice] 28593#28593: exiting
2024/03/16 12:33:52 [notice] 28587#28587: exit
2024/03/16 12:33:52 [notice] 28593#28593: exit
2024/03/16 12:33:52 [notice] 28592#28592: gracefully shutting down
2024/03/16 12:33:52 [notice] 28592#28592: exiting
2024/03/16 12:33:52 [notice] 28594#28594: gracefully shutting down
2024/03/16 12:33:52 [notice] 28592#28592: exit
2024/03/16 12:33:52 [notice] 28594#28594: exiting
2024/03/16 12:33:52 [notice] 28594#28594: exit
2024/03/16 12:33:52 [notice] 1#1: signal 17 (SIGCHLD) received from 28594
2024/03/16 12:33:52 [notice] 1#1: worker process 28588 exited with code 0
2024/03/16 12:33:52 [notice] 1#1: worker process 28591 exited with code 0
2024/03/16 12:33:52 [notice] 1#1: worker process 28593 exited with code 0
2024/03/16 12:33:52 [notice] 1#1: worker process 28594 exited with code 0
2024/03/16 12:33:52 [notice] 1#1: signal 29 (SIGIO) received
2024/03/16 12:33:52 [notice] 1#1: signal 17 (SIGCHLD) received from 28592
2024/03/16 12:33:52 [notice] 1#1: worker process 28589 exited with code 0
2024/03/16 12:33:52 [notice] 1#1: worker process 28590 exited with code 0
2024/03/16 12:33:52 [notice] 1#1: worker process 28592 exited with code 0
2024/03/16 12:33:52 [notice] 1#1: signal 29 (SIGIO) received
2024/03/16 12:33:52 [notice] 1#1: signal 17 (SIGCHLD) received from 28587
2024/03/16 12:33:52 [notice] 1#1: worker process 28587 exited with code 0
2024/03/16 12:33:52 [notice] 1#1: exit
2024/03/16 12:34:23 [notice] 1#1: using the "epoll" event method
2024/03/16 12:34:23 [notice] 1#1: nginx/1.23.1
2024/03/16 12:34:23 [notice] 1#1: built by gcc 10.2.1 20210110 (Debian 10.2.1-6) 
2024/03/16 12:34:23 [notice] 1#1: OS: Linux 5.15.0-100-generic
2024/03/16 12:34:23 [notice] 1#1: getrlimit(RLIMIT_NOFILE): 1048576:1048576
2024/03/16 12:34:23 [notice] 1#1: start worker processes
2024/03/16 12:34:23 [notice] 1#1: start worker process 28753
2024/03/16 12:34:23 [notice] 1#1: start worker process 28754
2024/03/16 12:34:23 [notice] 1#1: start worker process 28755
2024/03/16 12:34:23 [notice] 1#1: start worker process 28756
2024/03/16 12:34:23 [notice] 1#1: start worker process 28757
2024/03/16 12:34:23 [notice] 1#1: start worker process 28758
2024/03/16 12:34:23 [notice] 1#1: start worker process 28759
2024/03/16 12:34:23 [notice] 1#1: start worker process 28760
2024/03/16 12:48:38 [notice] 1#1: signal 3 (SIGQUIT) received, shutting down
2024/03/16 12:48:38 [notice] 28755#28755: gracefully shutting down
2024/03/16 12:48:38 [notice] 28754#28754: gracefully shutting down
2024/03/16 12:48:38 [notice] 28757#28757: gracefully shutting down
2024/03/16 12:48:38 [notice] 28753#28753: gracefully shutting down
2024/03/16 12:48:38 [notice] 28758#28758: gracefully shutting down
2024/03/16 12:48:38 [notice] 28759#28759: gracefully shutting down
2024/03/16 12:48:38 [notice] 28755#28755: exiting
2024/03/16 12:48:38 [notice] 28756#28756: gracefully shutting down
2024/03/16 12:48:38 [notice] 28754#28754: exiting
2024/03/16 12:48:38 [notice] 28757#28757: exiting
2024/03/16 12:48:38 [notice] 28753#28753: exiting
2024/03/16 12:48:38 [notice] 28758#28758: exiting
2024/03/16 12:48:38 [notice] 28759#28759: exiting
2024/03/16 12:48:38 [notice] 28756#28756: exiting
2024/03/16 12:48:38 [notice] 28758#28758: exit
2024/03/16 12:48:38 [notice] 28754#28754: exit
2024/03/16 12:48:38 [notice] 28755#28755: exit
2024/03/16 12:48:38 [notice] 28757#28757: exit
2024/03/16 12:48:38 [notice] 28756#28756: exit
2024/03/16 12:48:38 [notice] 28759#28759: exit
2024/03/16 12:48:38 [notice] 28753#28753: exit
2024/03/16 12:48:38 [notice] 28760#28760: gracefully shutting down
2024/03/16 12:48:38 [notice] 28760#28760: exiting
2024/03/16 12:48:38 [notice] 28760#28760: exit
2024/03/16 12:48:38 [notice] 1#1: signal 17 (SIGCHLD) received from 28754
2024/03/16 12:48:38 [notice] 1#1: worker process 28754 exited with code 0
2024/03/16 12:48:38 [notice] 1#1: worker process 28753 exited with code 0
2024/03/16 12:48:38 [notice] 1#1: worker process 28759 exited with code 0
2024/03/16 12:48:38 [notice] 1#1: signal 29 (SIGIO) received
2024/03/16 12:48:38 [notice] 1#1: signal 17 (SIGCHLD) received from 28759
2024/03/16 12:48:38 [notice] 1#1: signal 17 (SIGCHLD) received from 28758
2024/03/16 12:48:38 [notice] 1#1: worker process 28757 exited with code 0
2024/03/16 12:48:38 [notice] 1#1: worker process 28758 exited with code 0
2024/03/16 12:48:38 [notice] 1#1: signal 29 (SIGIO) received
2024/03/16 12:48:38 [notice] 1#1: signal 17 (SIGCHLD) received from 28755
2024/03/16 12:48:38 [notice] 1#1: worker process 28755 exited with code 0
2024/03/16 12:48:38 [notice] 1#1: signal 29 (SIGIO) received
2024/03/16 12:48:38 [notice] 1#1: signal 17 (SIGCHLD) received from 28756
2024/03/16 12:48:38 [notice] 1#1: worker process 28756 exited with code 0
2024/03/16 12:48:38 [notice] 1#1: signal 17 (SIGCHLD) received from 28760
2024/03/16 12:48:38 [notice] 1#1: worker process 28760 exited with code 0
2024/03/16 12:48:38 [notice] 1#1: exit
2024/03/16 13:05:22 [notice] 1#1: using the "epoll" event method
2024/03/16 13:05:22 [notice] 1#1: nginx/1.23.1
2024/03/16 13:05:22 [notice] 1#1: built by gcc 10.2.1 20210110 (Debian 10.2.1-6) 
2024/03/16 13:05:22 [notice] 1#1: OS: Linux 5.15.0-100-generic
2024/03/16 13:05:22 [notice] 1#1: getrlimit(RLIMIT_NOFILE): 1048576:1048576
2024/03/16 13:05:22 [notice] 1#1: start worker processes
2024/03/16 13:05:22 [notice] 1#1: start worker process 33762
2024/03/16 13:05:22 [notice] 1#1: start worker process 33763
2024/03/16 13:05:22 [notice] 1#1: start worker process 33764
2024/03/16 13:05:22 [notice] 1#1: start worker process 33765
2024/03/16 13:05:22 [notice] 1#1: start worker process 33766
2024/03/16 13:05:22 [notice] 1#1: start worker process 33767
2024/03/16 13:05:22 [notice] 1#1: start worker process 33768
2024/03/16 13:05:22 [notice] 1#1: start worker process 33769
2024/03/16 13:07:34 [notice] 1#1: signal 3 (SIGQUIT) received, shutting down
2024/03/16 13:07:34 [notice] 33762#33762: gracefully shutting down
2024/03/16 13:07:34 [notice] 33763#33763: gracefully shutting down
2024/03/16 13:07:34 [notice] 33766#33766: gracefully shutting down
2024/03/16 13:07:34 [notice] 33765#33765: gracefully shutting down
2024/03/16 13:07:34 [notice] 33768#33768: gracefully shutting down
2024/03/16 13:07:34 [notice] 33768#33768: exiting
2024/03/16 13:07:34 [notice] 33767#33767: gracefully shutting down
2024/03/16 13:07:34 [notice] 33767#33767: exiting
2024/03/16 13:07:34 [notice] 33763#33763: exiting
2024/03/16 13:07:34 [notice] 33765#33765: exiting
2024/03/16 13:07:34 [notice] 33766#33766: exiting
2024/03/16 13:07:34 [notice] 33762#33762: exiting
2024/03/16 13:07:34 [notice] 33769#33769: gracefully shutting down
2024/03/16 13:07:34 [notice] 33769#33769: exiting
2024/03/16 13:07:34 [notice] 33768#33768: exit
2024/03/16 13:07:34 [notice] 33767#33767: exit
2024/03/16 13:07:34 [notice] 33763#33763: exit
2024/03/16 13:07:34 [notice] 33762#33762: exit
2024/03/16 13:07:34 [notice] 33766#33766: exit
2024/03/16 13:07:34 [notice] 33765#33765: exit
2024/03/16 13:07:34 [notice] 33769#33769: exit
2024/03/16 13:07:34 [notice] 33764#33764: gracefully shutting down
2024/03/16 13:07:34 [notice] 33764#33764: exiting
2024/03/16 13:07:34 [notice] 33764#33764: exit
2024/03/16 13:07:34 [notice] 1#1: signal 17 (SIGCHLD) received from 33766
2024/03/16 13:07:34 [notice] 1#1: worker process 33766 exited with code 0
2024/03/16 13:07:34 [notice] 1#1: signal 29 (SIGIO) received
2024/03/16 13:07:34 [notice] 1#1: signal 17 (SIGCHLD) received from 33765
2024/03/16 13:07:34 [notice] 1#1: worker process 33764 exited with code 0
2024/03/16 13:07:34 [notice] 1#1: worker process 33765 exited with code 0
2024/03/16 13:07:34 [notice] 1#1: signal 29 (SIGIO) received
2024/03/16 13:07:34 [notice] 1#1: signal 17 (SIGCHLD) received from 33769
2024/03/16 13:07:34 [notice] 1#1: worker process 33769 exited with code 0
2024/03/16 13:07:34 [notice] 1#1: signal 29 (SIGIO) received
2024/03/16 13:07:34 [notice] 1#1: signal 17 (SIGCHLD) received from 33768
2024/03/16 13:07:34 [notice] 1#1: worker process 33768 exited with code 0
2024/03/16 13:07:34 [notice] 1#1: signal 29 (SIGIO) received
2024/03/16 13:07:34 [notice] 1#1: signal 17 (SIGCHLD) received from 33762
2024/03/16 13:07:34 [notice] 1#1: worker process 33762 exited with code 0
2024/03/16 13:07:34 [notice] 1#1: signal 29 (SIGIO) received
2024/03/16 13:07:34 [notice] 1#1: signal 17 (SIGCHLD) received from 33767
2024/03/16 13:07:34 [notice] 1#1: worker process 33763 exited with code 0
2024/03/16 13:07:34 [notice] 1#1: worker process 33767 exited with code 0
2024/03/16 13:07:34 [notice] 1#1: exit
2024/03/16 13:08:14 [notice] 1#1: using the "epoll" event method
2024/03/16 13:08:14 [notice] 1#1: nginx/1.23.1
2024/03/16 13:08:14 [notice] 1#1: built by gcc 10.2.1 20210110 (Debian 10.2.1-6) 
2024/03/16 13:08:14 [notice] 1#1: OS: Linux 5.15.0-100-generic
2024/03/16 13:08:14 [notice] 1#1: getrlimit(RLIMIT_NOFILE): 1048576:1048576
2024/03/16 13:08:14 [notice] 1#1: start worker processes
2024/03/16 13:08:14 [notice] 1#1: start worker process 33981
2024/03/16 13:08:14 [notice] 1#1: start worker process 33982
2024/03/16 13:08:14 [notice] 1#1: start worker process 33983
2024/03/16 13:08:14 [notice] 1#1: start worker process 33984
2024/03/16 13:08:14 [notice] 1#1: start worker process 33985
2024/03/16 13:08:14 [notice] 1#1: start worker process 33986
2024/03/16 13:08:14 [notice] 1#1: start worker process 33987
2024/03/16 13:08:14 [notice] 1#1: start worker process 33988
2024/03/16 18:23:29 [notice] 1#1: signal 3 (SIGQUIT) received, shutting down
2024/03/16 18:23:29 [notice] 33981#33981: gracefully shutting down
2024/03/16 18:23:29 [notice] 33983#33983: gracefully shutting down
2024/03/16 18:23:29 [notice] 33984#33984: gracefully shutting down
2024/03/16 18:23:29 [notice] 33987#33987: gracefully shutting down
2024/03/16 18:23:29 [notice] 33986#33986: gracefully shutting down
2024/03/16 18:23:29 [notice] 33988#33988: gracefully shutting down
2024/03/16 18:23:29 [notice] 33981#33981: exiting
2024/03/16 18:23:29 [notice] 33983#33983: exiting
2024/03/16 18:23:29 [notice] 33984#33984: exiting
2024/03/16 18:23:29 [notice] 33987#33987: exiting
2024/03/16 18:23:29 [notice] 33986#33986: exiting
2024/03/16 18:23:29 [notice] 33988#33988: exiting
2024/03/16 18:23:29 [notice] 33983#33983: exit
2024/03/16 18:23:29 [notice] 33984#33984: exit
2024/03/16 18:23:29 [notice] 33981#33981: exit
2024/03/16 18:23:29 [notice] 33987#33987: exit
2024/03/16 18:23:29 [notice] 33988#33988: exit
2024/03/16 18:23:29 [notice] 33986#33986: exit
2024/03/16 18:23:29 [notice] 33982#33982: gracefully shutting down
2024/03/16 18:23:29 [notice] 33985#33985: gracefully shutting down
2024/03/16 18:23:29 [notice] 33982#33982: exiting
2024/03/16 18:23:29 [notice] 33985#33985: exiting
2024/03/16 18:23:29 [notice] 33982#33982: exit
2024/03/16 18:23:29 [notice] 33985#33985: exit
2024/03/16 18:23:29 [notice] 1#1: signal 17 (SIGCHLD) received from 33987
2024/03/16 18:23:29 [notice] 1#1: worker process 33982 exited with code 0
2024/03/16 18:23:29 [notice] 1#1: worker process 33984 exited with code 0
2024/03/16 18:23:29 [notice] 1#1: worker process 33985 exited with code 0
2024/03/16 18:23:29 [notice] 1#1: worker process 33986 exited with code 0
2024/03/16 18:23:29 [notice] 1#1: worker process 33987 exited with code 0
2024/03/16 18:23:29 [notice] 1#1: worker process 33988 exited with code 0
2024/03/16 18:23:29 [notice] 1#1: signal 29 (SIGIO) received
2024/03/16 18:23:29 [notice] 1#1: signal 17 (SIGCHLD) received from 33982
2024/03/16 18:23:29 [notice] 1#1: signal 17 (SIGCHLD) received from 33983
2024/03/16 18:23:29 [notice] 1#1: worker process 33983 exited with code 0
2024/03/16 18:23:29 [notice] 1#1: signal 29 (SIGIO) received
2024/03/16 18:23:29 [notice] 1#1: signal 17 (SIGCHLD) received from 33981
2024/03/16 18:23:29 [notice] 1#1: worker process 33981 exited with code 0
2024/03/16 18:23:29 [notice] 1#1: exit
2024/03/16 18:24:56 [notice] 1#1: using the "epoll" event method
2024/03/16 18:24:56 [notice] 1#1: nginx/1.23.1
2024/03/16 18:24:56 [notice] 1#1: built by gcc 10.2.1 20210110 (Debian 10.2.1-6) 
2024/03/16 18:24:56 [notice] 1#1: OS: Linux 5.15.0-100-generic
2024/03/16 18:24:56 [notice] 1#1: getrlimit(RLIMIT_NOFILE): 1048576:1048576
2024/03/16 18:24:56 [notice] 1#1: start worker processes
2024/03/16 18:24:56 [notice] 1#1: start worker process 36298
2024/03/16 18:24:56 [notice] 1#1: start worker process 36299
2024/03/16 18:24:56 [notice] 1#1: start worker process 36300
2024/03/16 18:24:56 [notice] 1#1: start worker process 36301
2024/03/16 18:24:56 [notice] 1#1: start worker process 36302
2024/03/16 18:24:56 [notice] 1#1: start worker process 36303
2024/03/16 18:24:56 [notice] 1#1: start worker process 36304
2024/03/16 18:24:56 [notice] 1#1: start worker process 36305
2024/03/16 18:54:41 [notice] 1#1: signal 3 (SIGQUIT) received, shutting down
2024/03/16 18:54:41 [notice] 36298#36298: gracefully shutting down
2024/03/16 18:54:41 [notice] 36300#36300: gracefully shutting down
2024/03/16 18:54:41 [notice] 36299#36299: gracefully shutting down
2024/03/16 18:54:41 [notice] 36303#36303: gracefully shutting down
2024/03/16 18:54:41 [notice] 36298#36298: exiting
2024/03/16 18:54:41 [notice] 36302#36302: gracefully shutting down
2024/03/16 18:54:41 [notice] 36300#36300: exiting
2024/03/16 18:54:41 [notice] 36299#36299: exiting
2024/03/16 18:54:41 [notice] 36303#36303: exiting
2024/03/16 18:54:41 [notice] 36302#36302: exiting
2024/03/16 18:54:41 [notice] 36300#36300: exit
2024/03/16 18:54:41 [notice] 36298#36298: exit
2024/03/16 18:54:41 [notice] 36302#36302: exit
2024/03/16 18:54:41 [notice] 36299#36299: exit
2024/03/16 18:54:41 [notice] 36303#36303: exit
2024/03/16 18:54:41 [notice] 36305#36305: gracefully shutting down
2024/03/16 18:54:41 [notice] 36305#36305: exiting
2024/03/16 18:54:41 [notice] 36305#36305: exit
2024/03/16 18:54:41 [notice] 36304#36304: gracefully shutting down
2024/03/16 18:54:41 [notice] 36304#36304: exiting
2024/03/16 18:54:41 [notice] 36304#36304: exit
2024/03/16 18:54:41 [notice] 36301#36301: gracefully shutting down
2024/03/16 18:54:41 [notice] 36301#36301: exiting
2024/03/16 18:54:41 [notice] 36301#36301: exit
2024/03/16 18:54:41 [notice] 1#1: signal 17 (SIGCHLD) received from 36301
2024/03/16 18:54:41 [notice] 1#1: worker process 36298 exited with code 0
2024/03/16 18:54:41 [notice] 1#1: worker process 36301 exited with code 0
2024/03/16 18:54:41 [notice] 1#1: signal 29 (SIGIO) received
2024/03/16 18:54:41 [notice] 1#1: signal 17 (SIGCHLD) received from 36298
2024/03/16 18:54:41 [notice] 1#1: signal 17 (SIGCHLD) received from 36302
2024/03/16 18:54:41 [notice] 1#1: worker process 36300 exited with code 0
2024/03/16 18:54:41 [notice] 1#1: worker process 36302 exited with code 0
2024/03/16 18:54:41 [notice] 1#1: worker process 36304 exited with code 0
2024/03/16 18:54:41 [notice] 1#1: signal 29 (SIGIO) received
2024/03/16 18:54:41 [notice] 1#1: signal 17 (SIGCHLD) received from 36304
2024/03/16 18:54:41 [notice] 1#1: signal 17 (SIGCHLD) received from 36303
2024/03/16 18:54:41 [notice] 1#1: worker process 36299 exited with code 0
2024/03/16 18:54:41 [notice] 1#1: worker process 36303 exited with code 0
2024/03/16 18:54:41 [notice] 1#1: worker process 36305 exited with code 0
2024/03/16 18:54:41 [notice] 1#1: exit
2024/03/16 19:06:44 [notice] 1#1: using the "epoll" event method
2024/03/16 19:06:44 [notice] 1#1: nginx/1.23.1
2024/03/16 19:06:44 [notice] 1#1: built by gcc 10.2.1 20210110 (Debian 10.2.1-6) 
2024/03/16 19:06:44 [notice] 1#1: OS: Linux 5.15.0-100-generic
2024/03/16 19:06:44 [notice] 1#1: getrlimit(RLIMIT_NOFILE): 1048576:1048576
2024/03/16 19:06:44 [notice] 1#1: start worker processes
2024/03/16 19:06:44 [notice] 1#1: start worker process 36298
2024/03/16 19:06:44 [notice] 1#1: start worker process 36299
2024/03/16 19:06:44 [notice] 1#1: start worker process 36300
2024/03/16 19:06:44 [notice] 1#1: start worker process 36301
2024/03/16 19:06:44 [notice] 1#1: start worker process 36302
2024/03/16 19:06:44 [notice] 1#1: start worker process 36303
2024/03/16 19:06:44 [notice] 1#1: start worker process 36304
2024/03/16 19:06:44 [notice] 1#1: start worker process 36305
2024/03/16 19:27:30 [notice] 1#1: signal 1 (SIGHUP) received from 36320, reconfiguring
2024/03/16 19:27:30 [notice] 1#1: reconfiguring
2024/03/16 19:27:30 [notice] 1#1: using the "epoll" event method
2024/03/16 19:27:30 [notice] 1#1: start worker processes
2024/03/16 19:27:30 [notice] 1#1: start worker process 36324
2024/03/16 19:27:30 [notice] 1#1: start worker process 36325
2024/03/16 19:27:30 [notice] 1#1: start worker process 36327
2024/03/16 19:27:30 [notice] 1#1: start worker process 36328
2024/03/16 19:27:30 [notice] 1#1: start worker process 36330
2024/03/16 19:27:30 [notice] 1#1: start worker process 36331
2024/03/16 19:27:30 [notice] 1#1: start worker process 36332
2024/03/16 19:27:30 [notice] 1#1: start worker process 36333
2024/03/16 19:27:31 [notice] 36298#36298: gracefully shutting down
2024/03/16 19:27:31 [notice] 36300#36300: gracefully shutting down
2024/03/16 19:27:31 [notice] 36304#36304: gracefully shutting down
2024/03/16 19:27:31 [notice] 36303#36303: gracefully shutting down
2024/03/16 19:27:31 [notice] 36300#36300: exiting
2024/03/16 19:27:31 [notice] 36304#36304: exiting
2024/03/16 19:27:31 [notice] 36303#36303: exiting
2024/03/16 19:27:31 [notice] 36298#36298: exiting
2024/03/16 19:27:31 [notice] 36299#36299: gracefully shutting down
2024/03/16 19:27:31 [notice] 36299#36299: exiting
2024/03/16 19:27:31 [notice] 36304#36304: exit
2024/03/16 19:27:31 [notice] 36300#36300: exit
2024/03/16 19:27:31 [notice] 36303#36303: exit
2024/03/16 19:27:31 [notice] 36298#36298: exit
2024/03/16 19:27:31 [notice] 36299#36299: exit
2024/03/16 19:27:31 [notice] 36302#36302: gracefully shutting down
2024/03/16 19:27:31 [notice] 36305#36305: gracefully shutting down
2024/03/16 19:27:31 [notice] 36301#36301: gracefully shutting down
2024/03/16 19:27:31 [notice] 36302#36302: exiting
2024/03/16 19:27:31 [notice] 36301#36301: exiting
2024/03/16 19:27:31 [notice] 36302#36302: exit
2024/03/16 19:27:31 [notice] 36301#36301: exit
2024/03/16 19:27:31 [notice] 36305#36305: exiting
2024/03/16 19:27:31 [notice] 36305#36305: exit
2024/03/16 19:27:31 [notice] 1#1: signal 17 (SIGCHLD) received from 36298
2024/03/16 19:27:31 [notice] 1#1: worker process 36298 exited with code 0
2024/03/16 19:27:31 [notice] 1#1: worker process 36299 exited with code 0
2024/03/16 19:27:31 [notice] 1#1: worker process 36300 exited with code 0
2024/03/16 19:27:31 [notice] 1#1: worker process 36301 exited with code 0
2024/03/16 19:27:31 [notice] 1#1: worker process 36302 exited with code 0
2024/03/16 19:27:31 [notice] 1#1: worker process 36304 exited with code 0
2024/03/16 19:27:31 [notice] 1#1: signal 29 (SIGIO) received
2024/03/16 19:27:31 [notice] 1#1: signal 17 (SIGCHLD) received from 36300
2024/03/16 19:27:31 [notice] 1#1: signal 17 (SIGCHLD) received from 36303
2024/03/16 19:27:31 [notice] 1#1: worker process 36303 exited with code 0
2024/03/16 19:27:31 [notice] 1#1: signal 29 (SIGIO) received
2024/03/16 19:27:31 [notice] 1#1: signal 17 (SIGCHLD) received from 36305
2024/03/16 19:27:31 [notice] 1#1: worker process 36305 exited with code 0
2024/03/16 19:27:31 [notice] 1#1: signal 29 (SIGIO) received
2024/03/16 19:28:28 [notice] 1#1: signal 3 (SIGQUIT) received, shutting down
2024/03/16 19:28:28 [notice] 36324#36324: gracefully shutting down
2024/03/16 19:28:28 [notice] 36325#36325: gracefully shutting down
2024/03/16 19:28:28 [notice] 36328#36328: gracefully shutting down
2024/03/16 19:28:28 [notice] 36331#36331: gracefully shutting down
2024/03/16 19:28:28 [notice] 36330#36330: gracefully shutting down
2024/03/16 19:28:28 [notice] 36324#36324: exiting
2024/03/16 19:28:28 [notice] 36331#36331: exiting
2024/03/16 19:28:28 [notice] 36328#36328: exiting
2024/03/16 19:28:28 [notice] 36325#36325: exiting
2024/03/16 19:28:28 [notice] 36330#36330: exiting
2024/03/16 19:28:28 [notice] 36325#36325: exit
2024/03/16 19:28:28 [notice] 36331#36331: exit
2024/03/16 19:28:28 [notice] 36324#36324: exit
2024/03/16 19:28:28 [notice] 36330#36330: exit
2024/03/16 19:28:28 [notice] 36328#36328: exit
2024/03/16 19:28:28 [notice] 36327#36327: gracefully shutting down
2024/03/16 19:28:28 [notice] 36333#36333: gracefully shutting down
2024/03/16 19:28:28 [notice] 36327#36327: exiting
2024/03/16 19:28:28 [notice] 36333#36333: exiting
2024/03/16 19:28:28 [notice] 36327#36327: exit
2024/03/16 19:28:28 [notice] 36333#36333: exit
2024/03/16 19:28:28 [notice] 36332#36332: gracefully shutting down
2024/03/16 19:28:28 [notice] 36332#36332: exiting
2024/03/16 19:28:28 [notice] 36332#36332: exit
2024/03/16 19:28:28 [notice] 1#1: signal 17 (SIGCHLD) received from 36328
2024/03/16 19:28:28 [notice] 1#1: worker process 36324 exited with code 0
2024/03/16 19:28:28 [notice] 1#1: worker process 36328 exited with code 0
2024/03/16 19:28:28 [notice] 1#1: worker process 36330 exited with code 0
2024/03/16 19:28:28 [notice] 1#1: worker process 36333 exited with code 0
2024/03/16 19:28:28 [notice] 1#1: signal 29 (SIGIO) received
2024/03/16 19:28:28 [notice] 1#1: signal 17 (SIGCHLD) received from 36327
2024/03/16 19:28:28 [notice] 1#1: worker process 36327 exited with code 0
2024/03/16 19:28:28 [notice] 1#1: worker process 36331 exited with code 0
2024/03/16 19:28:28 [notice] 1#1: worker process 36332 exited with code 0
2024/03/16 19:28:28 [notice] 1#1: signal 29 (SIGIO) received
2024/03/16 19:28:28 [notice] 1#1: signal 17 (SIGCHLD) received from 36332
2024/03/16 19:28:28 [notice] 1#1: signal 17 (SIGCHLD) received from 36325
2024/03/16 19:28:28 [notice] 1#1: worker process 36325 exited with code 0
2024/03/16 19:28:28 [notice] 1#1: exit
2024/03/16 19:29:12 [notice] 1#1: using the "epoll" event method
2024/03/16 19:29:12 [notice] 1#1: nginx/1.23.1
2024/03/16 19:29:12 [notice] 1#1: built by gcc 10.2.1 20210110 (Debian 10.2.1-6) 
2024/03/16 19:29:12 [notice] 1#1: OS: Linux 5.15.0-100-generic
2024/03/16 19:29:12 [notice] 1#1: getrlimit(RLIMIT_NOFILE): 1048576:1048576
2024/03/16 19:29:12 [notice] 1#1: start worker processes
2024/03/16 19:29:12 [notice] 1#1: start worker process 30737
2024/03/16 19:29:12 [notice] 1#1: start worker process 30738
2024/03/16 19:29:12 [notice] 1#1: start worker process 30739
2024/03/16 19:29:12 [notice] 1#1: start worker process 30740
2024/03/16 19:29:12 [notice] 1#1: start worker process 30741
2024/03/16 19:29:12 [notice] 1#1: start worker process 30742
2024/03/16 19:29:12 [notice] 1#1: start worker process 30743
2024/03/16 19:29:12 [notice] 1#1: start worker process 30744
2024/03/16 19:33:04 [notice] 1#1: signal 1 (SIGHUP) received from 30758, reconfiguring
2024/03/16 19:33:04 [notice] 1#1: reconfiguring
2024/03/16 19:33:04 [notice] 1#1: using the "epoll" event method
2024/03/16 19:33:04 [notice] 1#1: start worker processes
2024/03/16 19:33:04 [notice] 1#1: start worker process 30762
2024/03/16 19:33:04 [notice] 1#1: start worker process 30763
2024/03/16 19:33:04 [notice] 1#1: start worker process 30765
2024/03/16 19:33:04 [notice] 1#1: start worker process 30766
2024/03/16 19:33:04 [notice] 1#1: start worker process 30767
2024/03/16 19:33:04 [notice] 1#1: start worker process 30768
2024/03/16 19:33:04 [notice] 1#1: start worker process 30770
2024/03/16 19:33:04 [notice] 1#1: start worker process 30771
2024/03/16 19:33:04 [notice] 30738#30738: gracefully shutting down
2024/03/16 19:33:04 [notice] 30739#30739: gracefully shutting down
2024/03/16 19:33:04 [notice] 30740#30740: gracefully shutting down
2024/03/16 19:33:04 [notice] 30738#30738: exiting
2024/03/16 19:33:04 [notice] 30742#30742: gracefully shutting down
2024/03/16 19:33:04 [notice] 30741#30741: gracefully shutting down
2024/03/16 19:33:04 [notice] 30743#30743: gracefully shutting down
2024/03/16 19:33:04 [notice] 30744#30744: gracefully shutting down
2024/03/16 19:33:04 [notice] 30739#30739: exiting
2024/03/16 19:33:04 [notice] 30740#30740: exiting
2024/03/16 19:33:04 [notice] 30742#30742: exiting
2024/03/16 19:33:04 [notice] 30741#30741: exiting
2024/03/16 19:33:04 [notice] 30743#30743: exiting
2024/03/16 19:33:04 [notice] 30744#30744: exiting
2024/03/16 19:33:04 [notice] 30738#30738: exit
2024/03/16 19:33:04 [notice] 30739#30739: exit
2024/03/16 19:33:04 [notice] 30743#30743: exit
2024/03/16 19:33:04 [notice] 30740#30740: exit
2024/03/16 19:33:04 [notice] 30742#30742: exit
2024/03/16 19:33:04 [notice] 30744#30744: exit
2024/03/16 19:33:04 [notice] 30741#30741: exit
2024/03/16 19:33:04 [notice] 30737#30737: gracefully shutting down
2024/03/16 19:33:04 [notice] 30737#30737: exiting
2024/03/16 19:33:04 [notice] 30737#30737: exit
2024/03/16 19:33:04 [notice] 1#1: signal 17 (SIGCHLD) received from 30737
2024/03/16 19:33:04 [notice] 1#1: worker process 30737 exited with code 0
2024/03/16 19:33:04 [notice] 1#1: worker process 30741 exited with code 0
2024/03/16 19:33:04 [notice] 1#1: signal 29 (SIGIO) received
2024/03/16 19:33:04 [notice] 1#1: signal 17 (SIGCHLD) received from 30742
2024/03/16 19:33:04 [notice] 1#1: worker process 30738 exited with code 0
2024/03/16 19:33:04 [notice] 1#1: worker process 30739 exited with code 0
2024/03/16 19:33:04 [notice] 1#1: worker process 30742 exited with code 0
2024/03/16 19:33:04 [notice] 1#1: worker process 30743 exited with code 0
2024/03/16 19:33:04 [notice] 1#1: signal 29 (SIGIO) received
2024/03/16 19:33:04 [notice] 1#1: signal 17 (SIGCHLD) received from 30740
2024/03/16 19:33:04 [notice] 1#1: worker process 30740 exited with code 0
2024/03/16 19:33:04 [notice] 1#1: worker process 30744 exited with code 0
2024/03/16 19:33:04 [notice] 1#1: signal 29 (SIGIO) received
2024/03/16 19:33:04 [notice] 1#1: signal 17 (SIGCHLD) received from 30744
2024/03/16 19:34:18 [notice] 1#1: signal 1 (SIGHUP) received from 30780, reconfiguring
2024/03/16 19:34:18 [notice] 1#1: reconfiguring
2024/03/16 19:34:18 [notice] 1#1: using the "epoll" event method
2024/03/16 19:34:18 [notice] 1#1: start worker processes
2024/03/16 19:34:18 [notice] 1#1: start worker process 30784
2024/03/16 19:34:18 [notice] 1#1: start worker process 30785
2024/03/16 19:34:18 [notice] 1#1: start worker process 30787
2024/03/16 19:34:18 [notice] 1#1: start worker process 30788
2024/03/16 19:34:18 [notice] 1#1: start worker process 30789
2024/03/16 19:34:18 [notice] 1#1: start worker process 30790
2024/03/16 19:34:18 [notice] 1#1: start worker process 30792
2024/03/16 19:34:18 [notice] 1#1: start worker process 30793
2024/03/16 19:34:18 [notice] 30762#30762: gracefully shutting down
2024/03/16 19:34:18 [notice] 30763#30763: gracefully shutting down
2024/03/16 19:34:18 [notice] 30765#30765: gracefully shutting down
2024/03/16 19:34:18 [notice] 30766#30766: gracefully shutting down
2024/03/16 19:34:18 [notice] 30767#30767: gracefully shutting down
2024/03/16 19:34:18 [notice] 30768#30768: gracefully shutting down
2024/03/16 19:34:18 [notice] 30770#30770: gracefully shutting down
2024/03/16 19:34:18 [notice] 30771#30771: gracefully shutting down
2024/03/16 19:34:18 [notice] 30770#30770: exiting
2024/03/16 19:34:18 [notice] 30771#30771: exiting
2024/03/16 19:34:18 [notice] 30768#30768: exiting
2024/03/16 19:34:18 [notice] 30767#30767: exiting
2024/03/16 19:34:18 [notice] 30763#30763: exiting
2024/03/16 19:34:18 [notice] 30765#30765: exiting
2024/03/16 19:34:18 [notice] 30766#30766: exiting
2024/03/16 19:34:18 [notice] 30762#30762: exiting
2024/03/16 19:34:18 [notice] 30771#30771: exit
2024/03/16 19:34:18 [notice] 30770#30770: exit
2024/03/16 19:34:18 [notice] 30768#30768: exit
2024/03/16 19:34:18 [notice] 30766#30766: exit
2024/03/16 19:34:18 [notice] 30763#30763: exit
2024/03/16 19:34:18 [notice] 30767#30767: exit
2024/03/16 19:34:18 [notice] 30765#30765: exit
2024/03/16 19:34:18 [notice] 30762#30762: exit
2024/03/16 19:34:18 [notice] 1#1: signal 17 (SIGCHLD) received from 30771
2024/03/16 19:34:18 [notice] 1#1: worker process 30763 exited with code 0
2024/03/16 19:34:18 [notice] 1#1: worker process 30771 exited with code 0
2024/03/16 19:34:18 [notice] 1#1: signal 29 (SIGIO) received
2024/03/16 19:34:18 [notice] 1#1: signal 17 (SIGCHLD) received from 30768
2024/03/16 19:34:18 [notice] 1#1: worker process 30768 exited with code 0
2024/03/16 19:34:18 [notice] 1#1: signal 29 (SIGIO) received
2024/03/16 19:34:18 [notice] 1#1: signal 17 (SIGCHLD) received from 30767
2024/03/16 19:34:18 [notice] 1#1: worker process 30762 exited with code 0
2024/03/16 19:34:18 [notice] 1#1: worker process 30767 exited with code 0
2024/03/16 19:34:18 [notice] 1#1: signal 29 (SIGIO) received
2024/03/16 19:34:18 [notice] 1#1: signal 17 (SIGCHLD) received from 30765
2024/03/16 19:34:18 [notice] 1#1: worker process 30765 exited with code 0
2024/03/16 19:34:18 [notice] 1#1: signal 29 (SIGIO) received
2024/03/16 19:34:18 [notice] 1#1: signal 17 (SIGCHLD) received from 30770
2024/03/16 19:34:18 [notice] 1#1: worker process 30770 exited with code 0
2024/03/16 19:34:18 [notice] 1#1: signal 29 (SIGIO) received
2024/03/16 19:34:18 [notice] 1#1: signal 17 (SIGCHLD) received from 30766
2024/03/16 19:34:18 [notice] 1#1: worker process 30766 exited with code 0
2024/03/16 19:34:18 [notice] 1#1: signal 29 (SIGIO) received
2024/03/16 19:35:13 [notice] 1#1: signal 1 (SIGHUP) received from 30802, reconfiguring
2024/03/16 19:35:13 [notice] 1#1: reconfiguring
2024/03/16 19:35:13 [notice] 1#1: using the "epoll" event method
2024/03/16 19:35:13 [notice] 1#1: start worker processes
2024/03/16 19:35:13 [notice] 1#1: start worker process 30806
2024/03/16 19:35:13 [notice] 1#1: start worker process 30807
2024/03/16 19:35:13 [notice] 1#1: start worker process 30808
2024/03/16 19:35:13 [notice] 1#1: start worker process 30810
2024/03/16 19:35:13 [notice] 1#1: start worker process 30811
2024/03/16 19:35:13 [notice] 1#1: start worker process 30812
2024/03/16 19:35:13 [notice] 1#1: start worker process 30813
2024/03/16 19:35:13 [notice] 1#1: start worker process 30815
2024/03/16 19:35:13 [notice] 30785#30785: gracefully shutting down
2024/03/16 19:35:13 [notice] 30790#30790: gracefully shutting down
2024/03/16 19:35:13 [notice] 30793#30793: gracefully shutting down
2024/03/16 19:35:13 [notice] 30784#30784: gracefully shutting down
2024/03/16 19:35:13 [notice] 30789#30789: gracefully shutting down
2024/03/16 19:35:13 [notice] 30790#30790: exiting
2024/03/16 19:35:13 [notice] 30793#30793: exiting
2024/03/16 19:35:13 [notice] 30792#30792: gracefully shutting down
2024/03/16 19:35:13 [notice] 30788#30788: gracefully shutting down
2024/03/16 19:35:13 [notice] 30793#30793: exit
2024/03/16 19:35:13 [notice] 30790#30790: exit
2024/03/16 19:35:13 [notice] 30785#30785: exiting
2024/03/16 19:35:13 [notice] 30784#30784: exiting
2024/03/16 19:35:13 [notice] 30792#30792: exiting
2024/03/16 19:35:13 [notice] 30789#30789: exiting
2024/03/16 19:35:13 [notice] 30788#30788: exiting
2024/03/16 19:35:13 [notice] 30785#30785: exit
2024/03/16 19:35:13 [notice] 30784#30784: exit
2024/03/16 19:35:13 [notice] 30789#30789: exit
2024/03/16 19:35:13 [notice] 30792#30792: exit
2024/03/16 19:35:13 [notice] 30788#30788: exit
2024/03/16 19:35:13 [notice] 30787#30787: gracefully shutting down
2024/03/16 19:35:13 [notice] 30787#30787: exiting
2024/03/16 19:35:13 [notice] 30787#30787: exit
2024/03/16 19:35:14 [notice] 1#1: signal 17 (SIGCHLD) received from 30790
2024/03/16 19:35:14 [notice] 1#1: worker process 30790 exited with code 0
2024/03/16 19:35:14 [notice] 1#1: signal 29 (SIGIO) received
2024/03/16 19:35:14 [notice] 1#1: signal 17 (SIGCHLD) received from 30793
2024/03/16 19:35:14 [notice] 1#1: worker process 30788 exited with code 0
2024/03/16 19:35:14 [notice] 1#1: worker process 30793 exited with code 0
2024/03/16 19:35:14 [notice] 1#1: signal 29 (SIGIO) received
2024/03/16 19:35:14 [notice] 1#1: signal 17 (SIGCHLD) received from 30788
2024/03/16 19:35:14 [notice] 1#1: signal 17 (SIGCHLD) received from 30785
2024/03/16 19:35:14 [notice] 1#1: worker process 30785 exited with code 0
2024/03/16 19:35:14 [notice] 1#1: signal 29 (SIGIO) received
2024/03/16 19:35:14 [notice] 1#1: signal 17 (SIGCHLD) received from 30787
2024/03/16 19:35:14 [notice] 1#1: worker process 30787 exited with code 0
2024/03/16 19:35:14 [notice] 1#1: signal 29 (SIGIO) received
2024/03/16 19:35:14 [notice] 1#1: signal 17 (SIGCHLD) received from 30792
2024/03/16 19:35:14 [notice] 1#1: worker process 30792 exited with code 0
2024/03/16 19:35:14 [notice] 1#1: signal 29 (SIGIO) received
2024/03/16 19:35:14 [notice] 1#1: signal 17 (SIGCHLD) received from 30784
2024/03/16 19:35:14 [notice] 1#1: worker process 30784 exited with code 0
2024/03/16 19:35:14 [notice] 1#1: signal 29 (SIGIO) received
2024/03/16 19:35:14 [notice] 1#1: signal 17 (SIGCHLD) received from 30789
2024/03/16 19:35:14 [notice] 1#1: worker process 30789 exited with code 0
2024/03/16 19:35:14 [notice] 1#1: signal 29 (SIGIO) received
2024/03/16 19:35:40 [notice] 1#1: signal 3 (SIGQUIT) received, shutting down
2024/03/16 19:35:40 [notice] 30806#30806: gracefully shutting down
2024/03/16 19:35:40 [notice] 30807#30807: gracefully shutting down
2024/03/16 19:35:40 [notice] 30810#30810: gracefully shutting down
2024/03/16 19:35:40 [notice] 30808#30808: gracefully shutting down
2024/03/16 19:35:40 [notice] 30812#30812: gracefully shutting down
2024/03/16 19:35:40 [notice] 30808#30808: exiting
2024/03/16 19:35:40 [notice] 30812#30812: exiting
2024/03/16 19:35:40 [notice] 30806#30806: exiting
2024/03/16 19:35:40 [notice] 30807#30807: exiting
2024/03/16 19:35:40 [notice] 30810#30810: exiting
2024/03/16 19:35:40 [notice] 30812#30812: exit
2024/03/16 19:35:40 [notice] 30808#30808: exit
2024/03/16 19:35:40 [notice] 30806#30806: exit
2024/03/16 19:35:40 [notice] 30807#30807: exit
2024/03/16 19:35:40 [notice] 30810#30810: exit
2024/03/16 19:35:40 [notice] 30813#30813: gracefully shutting down
2024/03/16 19:35:40 [notice] 30813#30813: exiting
2024/03/16 19:35:40 [notice] 30813#30813: exit
2024/03/16 19:35:40 [notice] 30811#30811: gracefully shutting down
2024/03/16 19:35:40 [notice] 30815#30815: gracefully shutting down
2024/03/16 19:35:40 [notice] 30811#30811: exiting
2024/03/16 19:35:40 [notice] 30815#30815: exiting
2024/03/16 19:35:40 [notice] 30811#30811: exit
2024/03/16 19:35:40 [notice] 30815#30815: exit
2024/03/16 19:35:40 [notice] 1#1: signal 17 (SIGCHLD) received from 30815
2024/03/16 19:35:40 [notice] 1#1: worker process 30810 exited with code 0
2024/03/16 19:35:40 [notice] 1#1: worker process 30813 exited with code 0
2024/03/16 19:35:40 [notice] 1#1: worker process 30815 exited with code 0
2024/03/16 19:35:40 [notice] 1#1: signal 29 (SIGIO) received
2024/03/16 19:35:40 [notice] 1#1: signal 17 (SIGCHLD) received from 30810
2024/03/16 19:35:40 [notice] 1#1: signal 17 (SIGCHLD) received from 30812
2024/03/16 19:35:40 [notice] 1#1: worker process 30806 exited with code 0
2024/03/16 19:35:40 [notice] 1#1: worker process 30807 exited with code 0
2024/03/16 19:35:40 [notice] 1#1: worker process 30811 exited with code 0
2024/03/16 19:35:40 [notice] 1#1: worker process 30812 exited with code 0
2024/03/16 19:35:40 [notice] 1#1: signal 29 (SIGIO) received
2024/03/16 19:35:40 [notice] 1#1: signal 17 (SIGCHLD) received from 30807
2024/03/16 19:35:40 [notice] 1#1: signal 17 (SIGCHLD) received from 30808
2024/03/16 19:35:40 [notice] 1#1: worker process 30808 exited with code 0
2024/03/16 19:35:40 [notice] 1#1: exit
2024/03/16 19:36:12 [notice] 1#1: using the "epoll" event method
2024/03/16 19:36:12 [notice] 1#1: nginx/1.23.1
2024/03/16 19:36:12 [notice] 1#1: built by gcc 10.2.1 20210110 (Debian 10.2.1-6) 
2024/03/16 19:36:12 [notice] 1#1: OS: Linux 5.15.0-100-generic
2024/03/16 19:36:12 [notice] 1#1: getrlimit(RLIMIT_NOFILE): 1048576:1048576
2024/03/16 19:36:12 [notice] 1#1: start worker processes
2024/03/16 19:36:12 [notice] 1#1: start worker process 30770
2024/03/16 19:36:12 [notice] 1#1: start worker process 30771
2024/03/16 19:36:12 [notice] 1#1: start worker process 30772
2024/03/16 19:36:12 [notice] 1#1: start worker process 30773
2024/03/16 19:36:12 [notice] 1#1: start worker process 30774
2024/03/16 19:36:12 [notice] 1#1: start worker process 30775
2024/03/16 19:36:12 [notice] 1#1: start worker process 30776
2024/03/16 19:36:12 [notice] 1#1: start worker process 30777
2024/03/16 19:39:42 [notice] 1#1: signal 3 (SIGQUIT) received, shutting down
2024/03/16 19:39:42 [notice] 30770#30770: gracefully shutting down
2024/03/16 19:39:42 [notice] 30775#30775: gracefully shutting down
2024/03/16 19:39:42 [notice] 30774#30774: gracefully shutting down
2024/03/16 19:39:42 [notice] 30773#30773: gracefully shutting down
2024/03/16 19:39:42 [notice] 30777#30777: gracefully shutting down
2024/03/16 19:39:42 [notice] 30775#30775: exiting
2024/03/16 19:39:42 [notice] 30774#30774: exiting
2024/03/16 19:39:42 [notice] 30773#30773: exiting
2024/03/16 19:39:42 [notice] 30777#30777: exiting
2024/03/16 19:39:42 [notice] 30775#30775: exit
2024/03/16 19:39:42 [notice] 30774#30774: exit
2024/03/16 19:39:42 [notice] 30773#30773: exit
2024/03/16 19:39:42 [notice] 30777#30777: exit
2024/03/16 19:39:42 [notice] 30770#30770: exiting
2024/03/16 19:39:42 [notice] 30770#30770: exit
2024/03/16 19:39:42 [notice] 30772#30772: gracefully shutting down
2024/03/16 19:39:42 [notice] 30772#30772: exiting
2024/03/16 19:39:42 [notice] 30772#30772: exit
2024/03/16 19:39:42 [notice] 30771#30771: gracefully shutting down
2024/03/16 19:39:42 [notice] 30771#30771: exiting
2024/03/16 19:39:42 [notice] 30771#30771: exit
2024/03/16 19:39:42 [notice] 30776#30776: gracefully shutting down
2024/03/16 19:39:42 [notice] 30776#30776: exiting
2024/03/16 19:39:42 [notice] 30776#30776: exit
2024/03/16 19:39:42 [notice] 1#1: signal 17 (SIGCHLD) received from 30777
2024/03/16 19:39:42 [notice] 1#1: worker process 30777 exited with code 0
2024/03/16 19:39:42 [notice] 1#1: signal 29 (SIGIO) received
2024/03/16 19:39:42 [notice] 1#1: signal 17 (SIGCHLD) received from 30773
2024/03/16 19:39:42 [notice] 1#1: worker process 30771 exited with code 0
2024/03/16 19:39:42 [notice] 1#1: worker process 30773 exited with code 0
2024/03/16 19:39:42 [notice] 1#1: worker process 30775 exited with code 0
2024/03/16 19:39:42 [notice] 1#1: worker process 30776 exited with code 0
2024/03/16 19:39:42 [notice] 1#1: signal 29 (SIGIO) received
2024/03/16 19:39:42 [notice] 1#1: signal 17 (SIGCHLD) received from 30775
2024/03/16 19:39:42 [notice] 1#1: signal 17 (SIGCHLD) received from 30772
2024/03/16 19:39:42 [notice] 1#1: worker process 30772 exited with code 0
2024/03/16 19:39:42 [notice] 1#1: signal 29 (SIGIO) received
2024/03/16 19:39:42 [notice] 1#1: signal 17 (SIGCHLD) received from 30770
2024/03/16 19:39:42 [notice] 1#1: worker process 30770 exited with code 0
2024/03/16 19:39:42 [notice] 1#1: signal 29 (SIGIO) received
2024/03/16 19:39:42 [notice] 1#1: signal 17 (SIGCHLD) received from 30774
2024/03/16 19:39:42 [notice] 1#1: worker process 30774 exited with code 0
2024/03/16 19:39:42 [notice] 1#1: exit
2024/03/16 19:41:21 [notice] 1#1: using the "epoll" event method
2024/03/16 19:41:21 [notice] 1#1: nginx/1.23.1
2024/03/16 19:41:21 [notice] 1#1: built by gcc 10.2.1 20210110 (Debian 10.2.1-6) 
2024/03/16 19:41:21 [notice] 1#1: OS: Linux 5.15.0-100-generic
2024/03/16 19:41:21 [notice] 1#1: getrlimit(RLIMIT_NOFILE): 1048576:1048576
2024/03/16 19:41:21 [notice] 1#1: start worker processes
2024/03/16 19:41:21 [notice] 1#1: start worker process 30850
2024/03/16 19:41:21 [notice] 1#1: start worker process 30851
2024/03/16 19:41:21 [notice] 1#1: start worker process 30852
2024/03/16 19:41:21 [notice] 1#1: start worker process 30853
2024/03/16 19:41:21 [notice] 1#1: start worker process 30854
2024/03/16 19:41:21 [notice] 1#1: start worker process 30855
2024/03/16 19:41:21 [notice] 1#1: start worker process 30856
2024/03/16 19:41:21 [notice] 1#1: start worker process 30857
